<?xml version="1.0" encoding="UTF-8"?>
<!-- Generated by org.testng.reporters.JUnitReportReporter -->
<testsuite hostname="Pradeep-PC" name="testcases.HomePageTest" tests="3" failures="0" timestamp="11 Aug 2018 10:56:14 GMT" time="75.557" errors="0">
  <testcase name="VerifyHomePageTitleTest" time="20.750" classname="testcases.HomePageTest"/>
  <testcase name="verifycontactslinktest" time="25.609" classname="testcases.HomePageTest"/>
  <testcase name="CorrectUserName" time="29.198" classname="testcases.HomePageTest"/>
</testsuite> <!-- testcases.HomePageTest -->
