<?xml version="1.0" encoding="UTF-8"?>
<!-- Generated by org.testng.reporters.JUnitReportReporter -->
<testsuite hostname="Pradeep-PC" name="testcases.ContactsPageTest" tests="1" failures="0" timestamp="12 Aug 2018 17:33:34 GMT" time="24.212" errors="0">
  <testcase name="VerifyContactLabelDisplayTest" time="24.212" classname="testcases.ContactsPageTest"/>
</testsuite> <!-- testcases.ContactsPageTest -->
