<?xml version="1.0" encoding="UTF-8"?>
<!-- Generated by org.testng.reporters.JUnitReportReporter -->
<testsuite hostname="Pradeep-PC" name="testcases.LoginPageTest" tests="1" failures="0" timestamp="12 Aug 2018 17:38:40 GMT" time="17.637" errors="0">
  <testcase name="crmlogotest" time="17.637" classname="testcases.LoginPageTest"/>
</testsuite> <!-- testcases.LoginPageTest -->
