<?xml version="1.0" encoding="UTF-8"?>
<!-- Generated by org.testng.reporters.JUnitReportReporter -->
<testsuite hostname="Pradeep-PC" name="testcases.ContactsPageTest" tests="1" failures="0" timestamp="14 Aug 2018 11:59:50 GMT" time="38.298" errors="0">
  <testcase name="checkboxtest" time="38.298" classname="testcases.ContactsPageTest"/>
</testsuite> <!-- testcases.ContactsPageTest -->
