<?xml version="1.0" encoding="UTF-8"?>
<!-- Generated by org.testng.reporters.JUnitReportReporter -->
<testsuite hostname="Pradeep-PC" name="testcases.LoginPageTest" tests="3" failures="0" timestamp="14 Aug 2018 08:16:02 GMT" time="54.714" errors="0">
  <testcase name="logintest" time="26.489" classname="testcases.LoginPageTest"/>
  <testcase name="LoginPagetitletest" time="14.570" classname="testcases.LoginPageTest"/>
  <testcase name="crmlogotest" time="13.655" classname="testcases.LoginPageTest"/>
</testsuite> <!-- testcases.LoginPageTest -->
